{"t":{"$date":"2023-04-18T00:33:12.328+05:30"},"s":"I",  "c":"NETWORK",  "id":4915701, "ctx":"-","msg":"Initialized wire specification","attr":{"spec":{"incomingExternalClient":{"minWireVersion":0,"maxWireVersion":17},"incomingInternalClient":{"minWireVersion":0,"maxWireVersion":17},"outgoing":{"minWireVersion":6,"maxWireVersion":17},"isInternalClient":true}}}
{"t":{"$date":"2023-04-18T00:33:14.099+05:30"},"s":"I",  "c":"CONTROL",  "id":23285,   "ctx":"-","msg":"Automatically disabling TLS 1.0, to force-enable TLS 1.0 specify --sslDisabledProtocols 'none'"}
{"t":{"$date":"2023-04-18T00:33:14.100+05:30"},"s":"I",  "c":"NETWORK",  "id":4648602, "ctx":"thread1","msg":"Implicit TCP FastOpen in use."}
{"t":{"$date":"2023-04-18T00:33:14.102+05:30"},"s":"I",  "c":"REPL",     "id":5123008, "ctx":"thread1","msg":"Successfully registered PrimaryOnlyService","attr":{"service":"TenantMigrationDonorService","namespace":"config.tenantMigrationDonors"}}
{"t":{"$date":"2023-04-18T00:33:14.102+05:30"},"s":"I",  "c":"REPL",     "id":5123008, "ctx":"thread1","msg":"Successfully registered PrimaryOnlyService","attr":{"service":"TenantMigrationRecipientService","namespace":"config.tenantMigrationRecipients"}}
{"t":{"$date":"2023-04-18T00:33:14.102+05:30"},"s":"I",  "c":"REPL",     "id":5123008, "ctx":"thread1","msg":"Successfully registered PrimaryOnlyService","attr":{"service":"ShardSplitDonorService","namespace":"config.tenantSplitDonors"}}
{"t":{"$date":"2023-04-18T00:33:14.102+05:30"},"s":"I",  "c":"CONTROL",  "id":5945603, "ctx":"thread1","msg":"Multi threading initialized"}
{"t":{"$date":"2023-04-18T00:33:14.103+05:30"},"s":"I",  "c":"CONTROL",  "id":4615611, "ctx":"initandlisten","msg":"MongoDB starting","attr":{"pid":14792,"port":27020,"dbPath":"mongodb_instances/instance3/data","architecture":"64-bit","host":"MSI"}}
{"t":{"$date":"2023-04-18T00:33:14.103+05:30"},"s":"I",  "c":"CONTROL",  "id":23398,   "ctx":"initandlisten","msg":"Target operating system minimum version","attr":{"targetMinOS":"Windows 7/Windows Server 2008 R2"}}
{"t":{"$date":"2023-04-18T00:33:14.103+05:30"},"s":"I",  "c":"CONTROL",  "id":23403,   "ctx":"initandlisten","msg":"Build Info","attr":{"buildInfo":{"version":"6.0.5","gitVersion":"c9a99c120371d4d4c52cbb15dac34a36ce8d3b1d","modules":[],"allocator":"tcmalloc","environment":{"distmod":"windows","distarch":"x86_64","target_arch":"x86_64"}}}}
{"t":{"$date":"2023-04-18T00:33:14.103+05:30"},"s":"I",  "c":"CONTROL",  "id":51765,   "ctx":"initandlisten","msg":"Operating System","attr":{"os":{"name":"Microsoft Windows 10","version":"10.0 (build 22000)"}}}
{"t":{"$date":"2023-04-18T00:33:14.103+05:30"},"s":"I",  "c":"CONTROL",  "id":21951,   "ctx":"initandlisten","msg":"Options set by command line","attr":{"options":{"config":"mongodb.conf","net":{"port":27020},"storage":{"dbPath":"mongodb_instances\\instance3\\data"},"systemLog":{"destination":"file","logAppend":true,"path":"mongodb_instances\\instance3\\log/mongodb.log"}}}}
{"t":{"$date":"2023-04-18T00:33:14.105+05:30"},"s":"I",  "c":"STORAGE",  "id":22315,   "ctx":"initandlisten","msg":"Opening WiredTiger","attr":{"config":"create,cache_size=7532M,session_max=33000,eviction=(threads_min=4,threads_max=4),config_base=false,statistics=(fast),log=(enabled=true,remove=true,path=journal,compressor=snappy),builtin_extension_config=(zstd=(compression_level=6)),file_manager=(close_idle_time=600,close_scan_interval=10,close_handle_minimum=2000),statistics_log=(wait=0),json_output=(error,message),verbose=[recovery_progress:1,checkpoint_progress:1,compact_progress:1,backup:0,checkpoint:0,compact:0,evict:0,history_store:0,recovery:0,rts:0,salvage:0,tiered:0,timestamp:0,transaction:0,verify:0,log:0],"}}
{"t":{"$date":"2023-04-18T00:33:14.169+05:30"},"s":"I",  "c":"STORAGE",  "id":4795906, "ctx":"initandlisten","msg":"WiredTiger opened","attr":{"durationMillis":64}}
{"t":{"$date":"2023-04-18T00:33:14.169+05:30"},"s":"I",  "c":"RECOVERY", "id":23987,   "ctx":"initandlisten","msg":"WiredTiger recoveryTimestamp","attr":{"recoveryTimestamp":{"$timestamp":{"t":0,"i":0}}}}
{"t":{"$date":"2023-04-18T00:33:14.200+05:30"},"s":"W",  "c":"CONTROL",  "id":22120,   "ctx":"initandlisten","msg":"Access control is not enabled for the database. Read and write access to data and configuration is unrestricted","tags":["startupWarnings"]}
{"t":{"$date":"2023-04-18T00:33:14.200+05:30"},"s":"W",  "c":"CONTROL",  "id":22140,   "ctx":"initandlisten","msg":"This server is bound to localhost. Remote systems will be unable to connect to this server. Start the server with --bind_ip <address> to specify which IP addresses it should serve responses from, or with --bind_ip_all to bind to all interfaces. If this behavior is desired, start the server with --bind_ip 127.0.0.1 to disable this warning","tags":["startupWarnings"]}
{"t":{"$date":"2023-04-18T00:33:14.201+05:30"},"s":"I",  "c":"STORAGE",  "id":20320,   "ctx":"initandlisten","msg":"createCollection","attr":{"namespace":"admin.system.version","uuidDisposition":"provided","uuid":{"uuid":{"$uuid":"55926049-8831-45e2-8d8e-a718d9df8b5a"}},"options":{"uuid":{"$uuid":"55926049-8831-45e2-8d8e-a718d9df8b5a"}}}}
{"t":{"$date":"2023-04-18T00:33:14.222+05:30"},"s":"I",  "c":"INDEX",    "id":20345,   "ctx":"initandlisten","msg":"Index build: done building","attr":{"buildUUID":null,"collectionUUID":{"uuid":{"$uuid":"55926049-8831-45e2-8d8e-a718d9df8b5a"}},"namespace":"admin.system.version","index":"_id_","ident":"index-1-1811557775523336719","collectionIdent":"collection-0-1811557775523336719","commitTimestamp":null}}
{"t":{"$date":"2023-04-18T00:33:14.223+05:30"},"s":"I",  "c":"REPL",     "id":20459,   "ctx":"initandlisten","msg":"Setting featureCompatibilityVersion","attr":{"newVersion":"6.0"}}
{"t":{"$date":"2023-04-18T00:33:14.223+05:30"},"s":"I",  "c":"REPL",     "id":5853300, "ctx":"initandlisten","msg":"current featureCompatibilityVersion value","attr":{"featureCompatibilityVersion":"6.0","context":"setFCV"}}
{"t":{"$date":"2023-04-18T00:33:14.223+05:30"},"s":"I",  "c":"NETWORK",  "id":4915702, "ctx":"initandlisten","msg":"Updated wire specification","attr":{"oldSpec":{"incomingExternalClient":{"minWireVersion":0,"maxWireVersion":17},"incomingInternalClient":{"minWireVersion":0,"maxWireVersion":17},"outgoing":{"minWireVersion":6,"maxWireVersion":17},"isInternalClient":true},"newSpec":{"incomingExternalClient":{"minWireVersion":0,"maxWireVersion":17},"incomingInternalClient":{"minWireVersion":17,"maxWireVersion":17},"outgoing":{"minWireVersion":17,"maxWireVersion":17},"isInternalClient":true}}}
{"t":{"$date":"2023-04-18T00:33:14.223+05:30"},"s":"I",  "c":"NETWORK",  "id":4915702, "ctx":"initandlisten","msg":"Updated wire specification","attr":{"oldSpec":{"incomingExternalClient":{"minWireVersion":0,"maxWireVersion":17},"incomingInternalClient":{"minWireVersion":17,"maxWireVersion":17},"outgoing":{"minWireVersion":17,"maxWireVersion":17},"isInternalClient":true},"newSpec":{"incomingExternalClient":{"minWireVersion":0,"maxWireVersion":17},"incomingInternalClient":{"minWireVersion":17,"maxWireVersion":17},"outgoing":{"minWireVersion":17,"maxWireVersion":17},"isInternalClient":true}}}
{"t":{"$date":"2023-04-18T00:33:14.223+05:30"},"s":"I",  "c":"REPL",     "id":5853300, "ctx":"initandlisten","msg":"current featureCompatibilityVersion value","attr":{"featureCompatibilityVersion":"6.0","context":"startup"}}
{"t":{"$date":"2023-04-18T00:33:14.223+05:30"},"s":"I",  "c":"STORAGE",  "id":5071100, "ctx":"initandlisten","msg":"Clearing temp directory"}
{"t":{"$date":"2023-04-18T00:33:14.223+05:30"},"s":"I",  "c":"CONTROL",  "id":20536,   "ctx":"initandlisten","msg":"Flow Control is enabled on this deployment"}
{"t":{"$date":"2023-04-18T00:33:14.448+05:30"},"s":"I",  "c":"FTDC",     "id":20625,   "ctx":"initandlisten","msg":"Initializing full-time diagnostic data capture","attr":{"dataDirectory":"mongodb_instances/instance3/data/diagnostic.data"}}
{"t":{"$date":"2023-04-18T00:33:14.449+05:30"},"s":"I",  "c":"STORAGE",  "id":20320,   "ctx":"initandlisten","msg":"createCollection","attr":{"namespace":"local.startup_log","uuidDisposition":"generated","uuid":{"uuid":{"$uuid":"d6b6b3cf-652b-457d-9858-10135592211f"}},"options":{"capped":true,"size":10485760}}}
{"t":{"$date":"2023-04-18T00:33:14.463+05:30"},"s":"I",  "c":"INDEX",    "id":20345,   "ctx":"initandlisten","msg":"Index build: done building","attr":{"buildUUID":null,"collectionUUID":{"uuid":{"$uuid":"d6b6b3cf-652b-457d-9858-10135592211f"}},"namespace":"local.startup_log","index":"_id_","ident":"index-3-1811557775523336719","collectionIdent":"collection-2-1811557775523336719","commitTimestamp":null}}
{"t":{"$date":"2023-04-18T00:33:14.463+05:30"},"s":"I",  "c":"REPL",     "id":6015317, "ctx":"initandlisten","msg":"Setting new configuration state","attr":{"newState":"ConfigReplicationDisabled","oldState":"ConfigPreStart"}}
{"t":{"$date":"2023-04-18T00:33:14.463+05:30"},"s":"I",  "c":"STORAGE",  "id":22262,   "ctx":"initandlisten","msg":"Timestamp monitor starting"}
{"t":{"$date":"2023-04-18T00:33:14.465+05:30"},"s":"I",  "c":"CONTROL",  "id":20712,   "ctx":"LogicalSessionCacheReap","msg":"Sessions collection is not set up; waiting until next sessions reap interval","attr":{"error":"NamespaceNotFound: config.system.sessions does not exist"}}
{"t":{"$date":"2023-04-18T00:33:14.465+05:30"},"s":"I",  "c":"STORAGE",  "id":20320,   "ctx":"LogicalSessionCacheRefresh","msg":"createCollection","attr":{"namespace":"config.system.sessions","uuidDisposition":"generated","uuid":{"uuid":{"$uuid":"ba47aa11-6efb-48de-b08f-b5b1b4b0b4ef"}},"options":{}}}
{"t":{"$date":"2023-04-18T00:33:14.466+05:30"},"s":"I",  "c":"NETWORK",  "id":23015,   "ctx":"listener","msg":"Listening on","attr":{"address":"127.0.0.1"}}
{"t":{"$date":"2023-04-18T00:33:14.466+05:30"},"s":"I",  "c":"NETWORK",  "id":23016,   "ctx":"listener","msg":"Waiting for connections","attr":{"port":27020,"ssl":"off"}}
{"t":{"$date":"2023-04-18T00:33:14.487+05:30"},"s":"I",  "c":"INDEX",    "id":20345,   "ctx":"LogicalSessionCacheRefresh","msg":"Index build: done building","attr":{"buildUUID":null,"collectionUUID":{"uuid":{"$uuid":"ba47aa11-6efb-48de-b08f-b5b1b4b0b4ef"}},"namespace":"config.system.sessions","index":"_id_","ident":"index-5-1811557775523336719","collectionIdent":"collection-4-1811557775523336719","commitTimestamp":null}}
{"t":{"$date":"2023-04-18T00:33:14.487+05:30"},"s":"I",  "c":"INDEX",    "id":20345,   "ctx":"LogicalSessionCacheRefresh","msg":"Index build: done building","attr":{"buildUUID":null,"collectionUUID":{"uuid":{"$uuid":"ba47aa11-6efb-48de-b08f-b5b1b4b0b4ef"}},"namespace":"config.system.sessions","index":"lsidTTLIndex","ident":"index-6-1811557775523336719","collectionIdent":"collection-4-1811557775523336719","commitTimestamp":null}}
{"t":{"$date":"2023-04-18T00:33:42.926+05:30"},"s":"I",  "c":"NETWORK",  "id":22943,   "ctx":"listener","msg":"Connection accepted","attr":{"remote":"127.0.0.1:50203","uuid":"226f18cb-b00f-436f-91b7-a7df2f537326","connectionId":1,"connectionCount":1}}
{"t":{"$date":"2023-04-18T00:33:42.926+05:30"},"s":"I",  "c":"NETWORK",  "id":51800,   "ctx":"conn1","msg":"client metadata","attr":{"remote":"127.0.0.1:50203","client":"conn1","doc":{"driver":{"name":"PyMongo","version":"4.3.3"},"os":{"type":"Windows","name":"Windows 10","architecture":"AMD64","version":"10.0.22000-SP0"},"platform":"CPython 3.10.6.final.0"}}}
{"t":{"$date":"2023-04-18T00:33:42.929+05:30"},"s":"I",  "c":"NETWORK",  "id":22943,   "ctx":"listener","msg":"Connection accepted","attr":{"remote":"127.0.0.1:50206","uuid":"64d7a5dc-a70a-48ae-ae57-0d735105329e","connectionId":2,"connectionCount":2}}
{"t":{"$date":"2023-04-18T00:33:42.930+05:30"},"s":"I",  "c":"NETWORK",  "id":51800,   "ctx":"conn2","msg":"client metadata","attr":{"remote":"127.0.0.1:50206","client":"conn2","doc":{"driver":{"name":"PyMongo","version":"4.3.3"},"os":{"type":"Windows","name":"Windows 10","architecture":"AMD64","version":"10.0.22000-SP0"},"platform":"CPython 3.10.6.final.0"}}}
{"t":{"$date":"2023-04-18T00:33:43.467+05:30"},"s":"I",  "c":"NETWORK",  "id":22944,   "ctx":"conn2","msg":"Connection ended","attr":{"remote":"127.0.0.1:50206","uuid":"64d7a5dc-a70a-48ae-ae57-0d735105329e","connectionId":2,"connectionCount":1}}
{"t":{"$date":"2023-04-18T00:33:44.049+05:30"},"s":"W",  "c":"NETWORK",  "id":4615610, "ctx":"conn1","msg":"Failed to check socket connectivity","attr":{"error":{"code":6,"codeName":"HostUnreachable","errmsg":"Connection closed by peer"}}}
{"t":{"$date":"2023-04-18T00:33:44.049+05:30"},"s":"I",  "c":"-",        "id":20883,   "ctx":"conn1","msg":"Interrupted operation as its client disconnected","attr":{"opId":344}}
{"t":{"$date":"2023-04-18T00:33:44.050+05:30"},"s":"I",  "c":"NETWORK",  "id":22944,   "ctx":"conn1","msg":"Connection ended","attr":{"remote":"127.0.0.1:50203","uuid":"226f18cb-b00f-436f-91b7-a7df2f537326","connectionId":1,"connectionCount":0}}
{"t":{"$date":"2023-04-18T00:34:14.926+05:30"},"s":"I",  "c":"NETWORK",  "id":22943,   "ctx":"listener","msg":"Connection accepted","attr":{"remote":"127.0.0.1:50214","uuid":"69fbe17d-b06e-4be3-a34d-f9bdbef540bf","connectionId":3,"connectionCount":1}}
{"t":{"$date":"2023-04-18T00:34:14.927+05:30"},"s":"I",  "c":"NETWORK",  "id":51800,   "ctx":"conn3","msg":"client metadata","attr":{"remote":"127.0.0.1:50214","client":"conn3","doc":{"driver":{"name":"PyMongo","version":"4.3.3"},"os":{"type":"Windows","name":"Windows 10","architecture":"AMD64","version":"10.0.22000-SP0"},"platform":"CPython 3.10.6.final.0"}}}
{"t":{"$date":"2023-04-18T00:34:14.930+05:30"},"s":"I",  "c":"NETWORK",  "id":22943,   "ctx":"listener","msg":"Connection accepted","attr":{"remote":"127.0.0.1:50216","uuid":"9124c40b-31bc-4338-8b52-f78b40e784f7","connectionId":4,"connectionCount":2}}
{"t":{"$date":"2023-04-18T00:34:14.931+05:30"},"s":"I",  "c":"NETWORK",  "id":51800,   "ctx":"conn4","msg":"client metadata","attr":{"remote":"127.0.0.1:50216","client":"conn4","doc":{"driver":{"name":"PyMongo","version":"4.3.3"},"os":{"type":"Windows","name":"Windows 10","architecture":"AMD64","version":"10.0.22000-SP0"},"platform":"CPython 3.10.6.final.0"}}}
{"t":{"$date":"2023-04-18T00:34:14.939+05:30"},"s":"I",  "c":"NETWORK",  "id":22943,   "ctx":"listener","msg":"Connection accepted","attr":{"remote":"127.0.0.1:50224","uuid":"0f0958ca-31db-426c-8d73-328d29a98a9c","connectionId":5,"connectionCount":3}}
{"t":{"$date":"2023-04-18T00:34:14.940+05:30"},"s":"I",  "c":"NETWORK",  "id":51800,   "ctx":"conn5","msg":"client metadata","attr":{"remote":"127.0.0.1:50224","client":"conn5","doc":{"driver":{"name":"PyMongo","version":"4.3.3"},"os":{"type":"Windows","name":"Windows 10","architecture":"AMD64","version":"10.0.22000-SP0"},"platform":"CPython 3.10.6.final.0"}}}
{"t":{"$date":"2023-04-18T00:34:14.942+05:30"},"s":"I",  "c":"STORAGE",  "id":20320,   "ctx":"conn5","msg":"createCollection","attr":{"namespace":"mydatabase4.my_collection","uuidDisposition":"generated","uuid":{"uuid":{"$uuid":"3779e89f-8b1b-4e1c-9a17-64bc6123b35b"}},"options":{}}}
{"t":{"$date":"2023-04-18T00:34:14.965+05:30"},"s":"I",  "c":"INDEX",    "id":20345,   "ctx":"conn5","msg":"Index build: done building","attr":{"buildUUID":null,"collectionUUID":{"uuid":{"$uuid":"3779e89f-8b1b-4e1c-9a17-64bc6123b35b"}},"namespace":"mydatabase4.my_collection","index":"_id_","ident":"index-8-1811557775523336719","collectionIdent":"collection-7-1811557775523336719","commitTimestamp":null}}
{"t":{"$date":"2023-04-18T00:34:15.478+05:30"},"s":"I",  "c":"NETWORK",  "id":22944,   "ctx":"conn5","msg":"Connection ended","attr":{"remote":"127.0.0.1:50224","uuid":"0f0958ca-31db-426c-8d73-328d29a98a9c","connectionId":5,"connectionCount":2}}
{"t":{"$date":"2023-04-18T00:34:15.478+05:30"},"s":"I",  "c":"NETWORK",  "id":22944,   "ctx":"conn4","msg":"Connection ended","attr":{"remote":"127.0.0.1:50216","uuid":"9124c40b-31bc-4338-8b52-f78b40e784f7","connectionId":4,"connectionCount":1}}
{"t":{"$date":"2023-04-18T00:34:16.046+05:30"},"s":"W",  "c":"NETWORK",  "id":4615610, "ctx":"conn3","msg":"Failed to check socket connectivity","attr":{"error":{"code":6,"codeName":"HostUnreachable","errmsg":"Connection closed by peer"}}}
{"t":{"$date":"2023-04-18T00:34:16.046+05:30"},"s":"I",  "c":"-",        "id":20883,   "ctx":"conn3","msg":"Interrupted operation as its client disconnected","attr":{"opId":716}}
{"t":{"$date":"2023-04-18T00:34:16.047+05:30"},"s":"I",  "c":"NETWORK",  "id":22944,   "ctx":"conn3","msg":"Connection ended","attr":{"remote":"127.0.0.1:50214","uuid":"69fbe17d-b06e-4be3-a34d-f9bdbef540bf","connectionId":3,"connectionCount":0}}
{"t":{"$date":"2023-04-20T20:24:06.999+05:30"},"s":"I",  "c":"CONTROL",  "id":23373,   "ctx":"thread134","msg":"CTRL_CLOSE_EVENT signal"}
{"t":{"$date":"2023-04-20T20:24:07.001+05:30"},"s":"I",  "c":"CONTROL",  "id":23371,   "ctx":"consoleTerminate","msg":"Received event, will terminate after current command ends","attr":{"controlCode":"CTRL_CLOSE_EVENT"}}
{"t":{"$date":"2023-04-20T20:24:07.002+05:30"},"s":"I",  "c":"REPL",     "id":4784900, "ctx":"consoleTerminate","msg":"Stepping down the ReplicationCoordinator for shutdown","attr":{"waitTimeMillis":15000}}
{"t":{"$date":"2023-04-20T20:24:07.002+05:30"},"s":"I",  "c":"REPL",     "id":4794602, "ctx":"consoleTerminate","msg":"Attempting to enter quiesce mode"}
{"t":{"$date":"2023-04-20T20:24:07.002+05:30"},"s":"I",  "c":"-",        "id":6371601, "ctx":"consoleTerminate","msg":"Shutting down the FLE Crud thread pool"}
{"t":{"$date":"2023-04-20T20:24:07.002+05:30"},"s":"I",  "c":"COMMAND",  "id":4784901, "ctx":"consoleTerminate","msg":"Shutting down the MirrorMaestro"}
{"t":{"$date":"2023-04-20T20:24:07.002+05:30"},"s":"I",  "c":"SHARDING", "id":4784902, "ctx":"consoleTerminate","msg":"Shutting down the WaitForMajorityService"}
{"t":{"$date":"2023-04-20T20:24:07.006+05:30"},"s":"I",  "c":"CONTROL",  "id":4784903, "ctx":"consoleTerminate","msg":"Shutting down the LogicalSessionCache"}
{"t":{"$date":"2023-04-20T20:24:07.008+05:30"},"s":"I",  "c":"NETWORK",  "id":20562,   "ctx":"consoleTerminate","msg":"Shutdown: going to close listening sockets"}
{"t":{"$date":"2023-04-20T20:24:07.010+05:30"},"s":"I",  "c":"NETWORK",  "id":4784905, "ctx":"consoleTerminate","msg":"Shutting down the global connection pool"}
{"t":{"$date":"2023-04-20T20:24:07.010+05:30"},"s":"I",  "c":"CONTROL",  "id":4784906, "ctx":"consoleTerminate","msg":"Shutting down the FlowControlTicketholder"}
{"t":{"$date":"2023-04-20T20:24:07.010+05:30"},"s":"I",  "c":"-",        "id":20520,   "ctx":"consoleTerminate","msg":"Stopping further Flow Control ticket acquisitions."}
{"t":{"$date":"2023-04-20T20:24:07.010+05:30"},"s":"I",  "c":"CONTROL",  "id":4784908, "ctx":"consoleTerminate","msg":"Shutting down the PeriodicThreadToAbortExpiredTransactions"}
{"t":{"$date":"2023-04-20T20:24:07.011+05:30"},"s":"I",  "c":"REPL",     "id":4784909, "ctx":"consoleTerminate","msg":"Shutting down the ReplicationCoordinator"}
{"t":{"$date":"2023-04-20T20:24:07.011+05:30"},"s":"I",  "c":"SHARDING", "id":4784910, "ctx":"consoleTerminate","msg":"Shutting down the ShardingInitializationMongoD"}
{"t":{"$date":"2023-04-20T20:24:07.012+05:30"},"s":"I",  "c":"REPL",     "id":4784911, "ctx":"consoleTerminate","msg":"Enqueuing the ReplicationStateTransitionLock for shutdown"}
{"t":{"$date":"2023-04-20T20:24:07.012+05:30"},"s":"I",  "c":"-",        "id":4784912, "ctx":"consoleTerminate","msg":"Killing all operations for shutdown"}
{"t":{"$date":"2023-04-20T20:24:07.012+05:30"},"s":"I",  "c":"-",        "id":4695300, "ctx":"consoleTerminate","msg":"Interrupted all currently running operations","attr":{"opsKilled":3}}
{"t":{"$date":"2023-04-20T20:24:07.012+05:30"},"s":"I",  "c":"TENANT_M", "id":5093807, "ctx":"consoleTerminate","msg":"Shutting down all TenantMigrationAccessBlockers on global shutdown"}
{"t":{"$date":"2023-04-20T20:24:07.012+05:30"},"s":"I",  "c":"COMMAND",  "id":4784913, "ctx":"consoleTerminate","msg":"Shutting down all open transactions"}
{"t":{"$date":"2023-04-20T20:24:07.012+05:30"},"s":"I",  "c":"REPL",     "id":4784914, "ctx":"consoleTerminate","msg":"Acquiring the ReplicationStateTransitionLock for shutdown"}
{"t":{"$date":"2023-04-20T20:24:07.012+05:30"},"s":"I",  "c":"INDEX",    "id":4784915, "ctx":"consoleTerminate","msg":"Shutting down the IndexBuildsCoordinator"}
{"t":{"$date":"2023-04-20T20:24:07.012+05:30"},"s":"I",  "c":"NETWORK",  "id":4784918, "ctx":"consoleTerminate","msg":"Shutting down the ReplicaSetMonitor"}
{"t":{"$date":"2023-04-20T20:24:07.012+05:30"},"s":"I",  "c":"SHARDING", "id":4784921, "ctx":"consoleTerminate","msg":"Shutting down the MigrationUtilExecutor"}
{"t":{"$date":"2023-04-20T20:24:07.015+05:30"},"s":"I",  "c":"ASIO",     "id":22582,   "ctx":"MigrationUtil-TaskExecutor","msg":"Killing all outstanding egress activity."}
{"t":{"$date":"2023-04-20T20:24:07.015+05:30"},"s":"I",  "c":"COMMAND",  "id":4784923, "ctx":"consoleTerminate","msg":"Shutting down the ServiceEntryPoint"}
{"t":{"$date":"2023-04-20T20:24:07.015+05:30"},"s":"I",  "c":"CONTROL",  "id":4784925, "ctx":"consoleTerminate","msg":"Shutting down free monitoring"}
{"t":{"$date":"2023-04-20T20:24:07.015+05:30"},"s":"I",  "c":"CONTROL",  "id":20609,   "ctx":"consoleTerminate","msg":"Shutting down free monitoring"}
{"t":{"$date":"2023-04-20T20:24:07.016+05:30"},"s":"I",  "c":"CONTROL",  "id":4784927, "ctx":"consoleTerminate","msg":"Shutting down the HealthLog"}
{"t":{"$date":"2023-04-20T20:24:07.016+05:30"},"s":"I",  "c":"CONTROL",  "id":4784928, "ctx":"consoleTerminate","msg":"Shutting down the TTL monitor"}
{"t":{"$date":"2023-04-20T20:24:07.016+05:30"},"s":"I",  "c":"INDEX",    "id":3684100, "ctx":"consoleTerminate","msg":"Shutting down TTL collection monitor thread"}
{"t":{"$date":"2023-04-20T20:24:07.017+05:30"},"s":"I",  "c":"INDEX",    "id":3684101, "ctx":"consoleTerminate","msg":"Finished shutting down TTL collection monitor thread"}
{"t":{"$date":"2023-04-20T20:24:07.017+05:30"},"s":"I",  "c":"CONTROL",  "id":6278511, "ctx":"consoleTerminate","msg":"Shutting down the Change Stream Expired Pre-images Remover"}
{"t":{"$date":"2023-04-20T20:24:07.017+05:30"},"s":"I",  "c":"CONTROL",  "id":4784929, "ctx":"consoleTerminate","msg":"Acquiring the global lock for shutdown"}
{"t":{"$date":"2023-04-20T20:24:07.017+05:30"},"s":"I",  "c":"CONTROL",  "id":4784930, "ctx":"consoleTerminate","msg":"Shutting down the storage engine"}
{"t":{"$date":"2023-04-20T20:24:07.017+05:30"},"s":"I",  "c":"STORAGE",  "id":22320,   "ctx":"consoleTerminate","msg":"Shutting down journal flusher thread"}
{"t":{"$date":"2023-04-20T20:24:07.018+05:30"},"s":"I",  "c":"STORAGE",  "id":22321,   "ctx":"consoleTerminate","msg":"Finished shutting down journal flusher thread"}
{"t":{"$date":"2023-04-20T20:24:07.018+05:30"},"s":"I",  "c":"STORAGE",  "id":22322,   "ctx":"consoleTerminate","msg":"Shutting down checkpoint thread"}
{"t":{"$date":"2023-04-20T20:24:07.018+05:30"},"s":"I",  "c":"STORAGE",  "id":22323,   "ctx":"consoleTerminate","msg":"Finished shutting down checkpoint thread"}
{"t":{"$date":"2023-04-20T20:24:07.019+05:30"},"s":"I",  "c":"STORAGE",  "id":20282,   "ctx":"consoleTerminate","msg":"Deregistering all the collections"}
{"t":{"$date":"2023-04-20T20:24:07.022+05:30"},"s":"I",  "c":"STORAGE",  "id":22261,   "ctx":"consoleTerminate","msg":"Timestamp monitor shutting down"}
{"t":{"$date":"2023-04-20T20:24:07.022+05:30"},"s":"I",  "c":"STORAGE",  "id":22317,   "ctx":"consoleTerminate","msg":"WiredTigerKVEngine shutting down"}
{"t":{"$date":"2023-04-20T20:24:07.022+05:30"},"s":"I",  "c":"STORAGE",  "id":22318,   "ctx":"consoleTerminate","msg":"Shutting down session sweeper thread"}
{"t":{"$date":"2023-04-20T20:24:07.024+05:30"},"s":"I",  "c":"STORAGE",  "id":22319,   "ctx":"consoleTerminate","msg":"Finished shutting down session sweeper thread"}
{"t":{"$date":"2023-04-20T20:24:07.024+05:30"},"s":"I",  "c":"STORAGE",  "id":4795902, "ctx":"consoleTerminate","msg":"Closing WiredTiger","attr":{"closeConfig":"leak_memory=true,"}}
{"t":{"$date":"2023-04-20T20:24:07.071+05:30"},"s":"I",  "c":"STORAGE",  "id":4795901, "ctx":"consoleTerminate","msg":"WiredTiger closed","attr":{"durationMillis":47}}
{"t":{"$date":"2023-04-20T20:24:07.071+05:30"},"s":"I",  "c":"STORAGE",  "id":22281,   "ctx":"consoleTerminate","msg":"shutdown: removing fs lock..."}
{"t":{"$date":"2023-04-20T20:24:07.071+05:30"},"s":"I",  "c":"-",        "id":4784931, "ctx":"consoleTerminate","msg":"Dropping the scope cache for shutdown"}
{"t":{"$date":"2023-04-20T20:24:07.071+05:30"},"s":"I",  "c":"FTDC",     "id":20626,   "ctx":"consoleTerminate","msg":"Shutting down full-time diagnostic data capture"}
{"t":{"$date":"2023-04-20T20:24:07.078+05:30"},"s":"I",  "c":"CONTROL",  "id":20565,   "ctx":"consoleTerminate","msg":"Now exiting"}
{"t":{"$date":"2023-04-20T20:24:07.079+05:30"},"s":"I",  "c":"CONTROL",  "id":23138,   "ctx":"consoleTerminate","msg":"Shutting down","attr":{"exitCode":12}}
