{"t":{"$date":"2023-04-18T00:33:12.276+05:30"},"s":"I",  "c":"NETWORK",  "id":4915701, "ctx":"-","msg":"Initialized wire specification","attr":{"spec":{"incomingExternalClient":{"minWireVersion":0,"maxWireVersion":17},"incomingInternalClient":{"minWireVersion":0,"maxWireVersion":17},"outgoing":{"minWireVersion":6,"maxWireVersion":17},"isInternalClient":true}}}
{"t":{"$date":"2023-04-18T00:33:12.279+05:30"},"s":"I",  "c":"CONTROL",  "id":23285,   "ctx":"thread1","msg":"Automatically disabling TLS 1.0, to force-enable TLS 1.0 specify --sslDisabledProtocols 'none'"}
{"t":{"$date":"2023-04-18T00:33:13.985+05:30"},"s":"I",  "c":"NETWORK",  "id":4648602, "ctx":"thread1","msg":"Implicit TCP FastOpen in use."}
{"t":{"$date":"2023-04-18T00:33:13.987+05:30"},"s":"I",  "c":"REPL",     "id":5123008, "ctx":"thread1","msg":"Successfully registered PrimaryOnlyService","attr":{"service":"TenantMigrationDonorService","namespace":"config.tenantMigrationDonors"}}
{"t":{"$date":"2023-04-18T00:33:13.990+05:30"},"s":"I",  "c":"REPL",     "id":5123008, "ctx":"thread1","msg":"Successfully registered PrimaryOnlyService","attr":{"service":"TenantMigrationRecipientService","namespace":"config.tenantMigrationRecipients"}}
{"t":{"$date":"2023-04-18T00:33:13.990+05:30"},"s":"I",  "c":"REPL",     "id":5123008, "ctx":"thread1","msg":"Successfully registered PrimaryOnlyService","attr":{"service":"ShardSplitDonorService","namespace":"config.tenantSplitDonors"}}
{"t":{"$date":"2023-04-18T00:33:13.990+05:30"},"s":"I",  "c":"CONTROL",  "id":5945603, "ctx":"thread1","msg":"Multi threading initialized"}
{"t":{"$date":"2023-04-18T00:33:13.992+05:30"},"s":"I",  "c":"CONTROL",  "id":4615611, "ctx":"initandlisten","msg":"MongoDB starting","attr":{"pid":29492,"port":27019,"dbPath":"mongodb_instances/instance2/data","architecture":"64-bit","host":"MSI"}}
{"t":{"$date":"2023-04-18T00:33:13.992+05:30"},"s":"I",  "c":"CONTROL",  "id":23398,   "ctx":"initandlisten","msg":"Target operating system minimum version","attr":{"targetMinOS":"Windows 7/Windows Server 2008 R2"}}
{"t":{"$date":"2023-04-18T00:33:13.992+05:30"},"s":"I",  "c":"CONTROL",  "id":23403,   "ctx":"initandlisten","msg":"Build Info","attr":{"buildInfo":{"version":"6.0.5","gitVersion":"c9a99c120371d4d4c52cbb15dac34a36ce8d3b1d","modules":[],"allocator":"tcmalloc","environment":{"distmod":"windows","distarch":"x86_64","target_arch":"x86_64"}}}}
{"t":{"$date":"2023-04-18T00:33:13.992+05:30"},"s":"I",  "c":"CONTROL",  "id":51765,   "ctx":"initandlisten","msg":"Operating System","attr":{"os":{"name":"Microsoft Windows 10","version":"10.0 (build 22000)"}}}
{"t":{"$date":"2023-04-18T00:33:13.992+05:30"},"s":"I",  "c":"CONTROL",  "id":21951,   "ctx":"initandlisten","msg":"Options set by command line","attr":{"options":{"config":"mongodb.conf","net":{"port":27019},"storage":{"dbPath":"mongodb_instances\\instance2\\data"},"systemLog":{"destination":"file","logAppend":true,"path":"mongodb_instances\\instance2\\log/mongodb.log"}}}}
{"t":{"$date":"2023-04-18T00:33:13.994+05:30"},"s":"I",  "c":"STORAGE",  "id":22315,   "ctx":"initandlisten","msg":"Opening WiredTiger","attr":{"config":"create,cache_size=7532M,session_max=33000,eviction=(threads_min=4,threads_max=4),config_base=false,statistics=(fast),log=(enabled=true,remove=true,path=journal,compressor=snappy),builtin_extension_config=(zstd=(compression_level=6)),file_manager=(close_idle_time=600,close_scan_interval=10,close_handle_minimum=2000),statistics_log=(wait=0),json_output=(error,message),verbose=[recovery_progress:1,checkpoint_progress:1,compact_progress:1,backup:0,checkpoint:0,compact:0,evict:0,history_store:0,recovery:0,rts:0,salvage:0,tiered:0,timestamp:0,transaction:0,verify:0,log:0],"}}
{"t":{"$date":"2023-04-18T00:33:14.079+05:30"},"s":"I",  "c":"STORAGE",  "id":4795906, "ctx":"initandlisten","msg":"WiredTiger opened","attr":{"durationMillis":85}}
{"t":{"$date":"2023-04-18T00:33:14.079+05:30"},"s":"I",  "c":"RECOVERY", "id":23987,   "ctx":"initandlisten","msg":"WiredTiger recoveryTimestamp","attr":{"recoveryTimestamp":{"$timestamp":{"t":0,"i":0}}}}
{"t":{"$date":"2023-04-18T00:33:14.112+05:30"},"s":"W",  "c":"CONTROL",  "id":22120,   "ctx":"initandlisten","msg":"Access control is not enabled for the database. Read and write access to data and configuration is unrestricted","tags":["startupWarnings"]}
{"t":{"$date":"2023-04-18T00:33:14.112+05:30"},"s":"W",  "c":"CONTROL",  "id":22140,   "ctx":"initandlisten","msg":"This server is bound to localhost. Remote systems will be unable to connect to this server. Start the server with --bind_ip <address> to specify which IP addresses it should serve responses from, or with --bind_ip_all to bind to all interfaces. If this behavior is desired, start the server with --bind_ip 127.0.0.1 to disable this warning","tags":["startupWarnings"]}
{"t":{"$date":"2023-04-18T00:33:14.113+05:30"},"s":"I",  "c":"STORAGE",  "id":20320,   "ctx":"initandlisten","msg":"createCollection","attr":{"namespace":"admin.system.version","uuidDisposition":"provided","uuid":{"uuid":{"$uuid":"aa507089-6e36-4843-9c1e-900410407435"}},"options":{"uuid":{"$uuid":"aa507089-6e36-4843-9c1e-900410407435"}}}}
{"t":{"$date":"2023-04-18T00:33:14.132+05:30"},"s":"I",  "c":"INDEX",    "id":20345,   "ctx":"initandlisten","msg":"Index build: done building","attr":{"buildUUID":null,"collectionUUID":{"uuid":{"$uuid":"aa507089-6e36-4843-9c1e-900410407435"}},"namespace":"admin.system.version","index":"_id_","ident":"index-1-7954602775220637034","collectionIdent":"collection-0-7954602775220637034","commitTimestamp":null}}
{"t":{"$date":"2023-04-18T00:33:14.132+05:30"},"s":"I",  "c":"REPL",     "id":20459,   "ctx":"initandlisten","msg":"Setting featureCompatibilityVersion","attr":{"newVersion":"6.0"}}
{"t":{"$date":"2023-04-18T00:33:14.132+05:30"},"s":"I",  "c":"REPL",     "id":5853300, "ctx":"initandlisten","msg":"current featureCompatibilityVersion value","attr":{"featureCompatibilityVersion":"6.0","context":"setFCV"}}
{"t":{"$date":"2023-04-18T00:33:14.132+05:30"},"s":"I",  "c":"NETWORK",  "id":4915702, "ctx":"initandlisten","msg":"Updated wire specification","attr":{"oldSpec":{"incomingExternalClient":{"minWireVersion":0,"maxWireVersion":17},"incomingInternalClient":{"minWireVersion":0,"maxWireVersion":17},"outgoing":{"minWireVersion":6,"maxWireVersion":17},"isInternalClient":true},"newSpec":{"incomingExternalClient":{"minWireVersion":0,"maxWireVersion":17},"incomingInternalClient":{"minWireVersion":17,"maxWireVersion":17},"outgoing":{"minWireVersion":17,"maxWireVersion":17},"isInternalClient":true}}}
{"t":{"$date":"2023-04-18T00:33:14.132+05:30"},"s":"I",  "c":"NETWORK",  "id":4915702, "ctx":"initandlisten","msg":"Updated wire specification","attr":{"oldSpec":{"incomingExternalClient":{"minWireVersion":0,"maxWireVersion":17},"incomingInternalClient":{"minWireVersion":17,"maxWireVersion":17},"outgoing":{"minWireVersion":17,"maxWireVersion":17},"isInternalClient":true},"newSpec":{"incomingExternalClient":{"minWireVersion":0,"maxWireVersion":17},"incomingInternalClient":{"minWireVersion":17,"maxWireVersion":17},"outgoing":{"minWireVersion":17,"maxWireVersion":17},"isInternalClient":true}}}
{"t":{"$date":"2023-04-18T00:33:14.132+05:30"},"s":"I",  "c":"REPL",     "id":5853300, "ctx":"initandlisten","msg":"current featureCompatibilityVersion value","attr":{"featureCompatibilityVersion":"6.0","context":"startup"}}
{"t":{"$date":"2023-04-18T00:33:14.133+05:30"},"s":"I",  "c":"STORAGE",  "id":5071100, "ctx":"initandlisten","msg":"Clearing temp directory"}
{"t":{"$date":"2023-04-18T00:33:14.133+05:30"},"s":"I",  "c":"CONTROL",  "id":20536,   "ctx":"initandlisten","msg":"Flow Control is enabled on this deployment"}
{"t":{"$date":"2023-04-18T00:33:14.382+05:30"},"s":"I",  "c":"FTDC",     "id":20625,   "ctx":"initandlisten","msg":"Initializing full-time diagnostic data capture","attr":{"dataDirectory":"mongodb_instances/instance2/data/diagnostic.data"}}
{"t":{"$date":"2023-04-18T00:33:14.383+05:30"},"s":"I",  "c":"STORAGE",  "id":20320,   "ctx":"initandlisten","msg":"createCollection","attr":{"namespace":"local.startup_log","uuidDisposition":"generated","uuid":{"uuid":{"$uuid":"1fb9b12d-5e63-48b9-9420-0406f210507f"}},"options":{"capped":true,"size":10485760}}}
{"t":{"$date":"2023-04-18T00:33:14.399+05:30"},"s":"I",  "c":"INDEX",    "id":20345,   "ctx":"initandlisten","msg":"Index build: done building","attr":{"buildUUID":null,"collectionUUID":{"uuid":{"$uuid":"1fb9b12d-5e63-48b9-9420-0406f210507f"}},"namespace":"local.startup_log","index":"_id_","ident":"index-3-7954602775220637034","collectionIdent":"collection-2-7954602775220637034","commitTimestamp":null}}
{"t":{"$date":"2023-04-18T00:33:14.400+05:30"},"s":"I",  "c":"REPL",     "id":6015317, "ctx":"initandlisten","msg":"Setting new configuration state","attr":{"newState":"ConfigReplicationDisabled","oldState":"ConfigPreStart"}}
{"t":{"$date":"2023-04-18T00:33:14.400+05:30"},"s":"I",  "c":"STORAGE",  "id":22262,   "ctx":"initandlisten","msg":"Timestamp monitor starting"}
{"t":{"$date":"2023-04-18T00:33:14.403+05:30"},"s":"I",  "c":"STORAGE",  "id":20320,   "ctx":"LogicalSessionCacheRefresh","msg":"createCollection","attr":{"namespace":"config.system.sessions","uuidDisposition":"generated","uuid":{"uuid":{"$uuid":"9875f4f9-3724-4189-b3b7-7aebf24de223"}},"options":{}}}
{"t":{"$date":"2023-04-18T00:33:14.403+05:30"},"s":"I",  "c":"CONTROL",  "id":20712,   "ctx":"LogicalSessionCacheReap","msg":"Sessions collection is not set up; waiting until next sessions reap interval","attr":{"error":"NamespaceNotFound: config.system.sessions does not exist"}}
{"t":{"$date":"2023-04-18T00:33:14.403+05:30"},"s":"I",  "c":"NETWORK",  "id":23015,   "ctx":"listener","msg":"Listening on","attr":{"address":"127.0.0.1"}}
{"t":{"$date":"2023-04-18T00:33:14.403+05:30"},"s":"I",  "c":"NETWORK",  "id":23016,   "ctx":"listener","msg":"Waiting for connections","attr":{"port":27019,"ssl":"off"}}
{"t":{"$date":"2023-04-18T00:33:14.425+05:30"},"s":"I",  "c":"INDEX",    "id":20345,   "ctx":"LogicalSessionCacheRefresh","msg":"Index build: done building","attr":{"buildUUID":null,"collectionUUID":{"uuid":{"$uuid":"9875f4f9-3724-4189-b3b7-7aebf24de223"}},"namespace":"config.system.sessions","index":"_id_","ident":"index-5-7954602775220637034","collectionIdent":"collection-4-7954602775220637034","commitTimestamp":null}}
{"t":{"$date":"2023-04-18T00:33:14.425+05:30"},"s":"I",  "c":"INDEX",    "id":20345,   "ctx":"LogicalSessionCacheRefresh","msg":"Index build: done building","attr":{"buildUUID":null,"collectionUUID":{"uuid":{"$uuid":"9875f4f9-3724-4189-b3b7-7aebf24de223"}},"namespace":"config.system.sessions","index":"lsidTTLIndex","ident":"index-6-7954602775220637034","collectionIdent":"collection-4-7954602775220637034","commitTimestamp":null}}
{"t":{"$date":"2023-04-18T00:33:42.925+05:30"},"s":"I",  "c":"NETWORK",  "id":22943,   "ctx":"listener","msg":"Connection accepted","attr":{"remote":"127.0.0.1:50201","uuid":"28f7bbdf-4577-4173-8057-b7e20b51c325","connectionId":1,"connectionCount":1}}
{"t":{"$date":"2023-04-18T00:33:42.926+05:30"},"s":"I",  "c":"NETWORK",  "id":51800,   "ctx":"conn1","msg":"client metadata","attr":{"remote":"127.0.0.1:50201","client":"conn1","doc":{"driver":{"name":"PyMongo","version":"4.3.3"},"os":{"type":"Windows","name":"Windows 10","architecture":"AMD64","version":"10.0.22000-SP0"},"platform":"CPython 3.10.6.final.0"}}}
{"t":{"$date":"2023-04-18T00:33:42.929+05:30"},"s":"I",  "c":"NETWORK",  "id":22943,   "ctx":"listener","msg":"Connection accepted","attr":{"remote":"127.0.0.1:50205","uuid":"10445772-e091-4ded-aa6b-afd154a21811","connectionId":2,"connectionCount":2}}
{"t":{"$date":"2023-04-18T00:33:42.930+05:30"},"s":"I",  "c":"NETWORK",  "id":51800,   "ctx":"conn2","msg":"client metadata","attr":{"remote":"127.0.0.1:50205","client":"conn2","doc":{"driver":{"name":"PyMongo","version":"4.3.3"},"os":{"type":"Windows","name":"Windows 10","architecture":"AMD64","version":"10.0.22000-SP0"},"platform":"CPython 3.10.6.final.0"}}}
{"t":{"$date":"2023-04-18T00:33:43.467+05:30"},"s":"I",  "c":"NETWORK",  "id":22944,   "ctx":"conn2","msg":"Connection ended","attr":{"remote":"127.0.0.1:50205","uuid":"10445772-e091-4ded-aa6b-afd154a21811","connectionId":2,"connectionCount":1}}
{"t":{"$date":"2023-04-18T00:33:44.049+05:30"},"s":"W",  "c":"NETWORK",  "id":4615610, "ctx":"conn1","msg":"Failed to check socket connectivity","attr":{"error":{"code":6,"codeName":"HostUnreachable","errmsg":"Connection closed by peer"}}}
{"t":{"$date":"2023-04-18T00:33:44.049+05:30"},"s":"I",  "c":"-",        "id":20883,   "ctx":"conn1","msg":"Interrupted operation as its client disconnected","attr":{"opId":345}}
{"t":{"$date":"2023-04-18T00:33:44.050+05:30"},"s":"I",  "c":"NETWORK",  "id":22944,   "ctx":"conn1","msg":"Connection ended","attr":{"remote":"127.0.0.1:50201","uuid":"28f7bbdf-4577-4173-8057-b7e20b51c325","connectionId":1,"connectionCount":0}}
{"t":{"$date":"2023-04-18T00:34:14.926+05:30"},"s":"I",  "c":"NETWORK",  "id":22943,   "ctx":"listener","msg":"Connection accepted","attr":{"remote":"127.0.0.1:50212","uuid":"bc199188-b26b-4e44-ae3e-66efa7a0ce78","connectionId":3,"connectionCount":1}}
{"t":{"$date":"2023-04-18T00:34:14.927+05:30"},"s":"I",  "c":"NETWORK",  "id":51800,   "ctx":"conn3","msg":"client metadata","attr":{"remote":"127.0.0.1:50212","client":"conn3","doc":{"driver":{"name":"PyMongo","version":"4.3.3"},"os":{"type":"Windows","name":"Windows 10","architecture":"AMD64","version":"10.0.22000-SP0"},"platform":"CPython 3.10.6.final.0"}}}
{"t":{"$date":"2023-04-18T00:34:14.931+05:30"},"s":"I",  "c":"NETWORK",  "id":22943,   "ctx":"listener","msg":"Connection accepted","attr":{"remote":"127.0.0.1:50218","uuid":"63514bd1-bbe9-4457-8345-1461bdb044a8","connectionId":4,"connectionCount":2}}
{"t":{"$date":"2023-04-18T00:34:14.932+05:30"},"s":"I",  "c":"NETWORK",  "id":51800,   "ctx":"conn4","msg":"client metadata","attr":{"remote":"127.0.0.1:50218","client":"conn4","doc":{"driver":{"name":"PyMongo","version":"4.3.3"},"os":{"type":"Windows","name":"Windows 10","architecture":"AMD64","version":"10.0.22000-SP0"},"platform":"CPython 3.10.6.final.0"}}}
{"t":{"$date":"2023-04-18T00:34:14.939+05:30"},"s":"I",  "c":"NETWORK",  "id":22943,   "ctx":"listener","msg":"Connection accepted","attr":{"remote":"127.0.0.1:50223","uuid":"958a6007-bc1c-4b26-87b9-74409639772b","connectionId":5,"connectionCount":3}}
{"t":{"$date":"2023-04-18T00:34:14.940+05:30"},"s":"I",  "c":"NETWORK",  "id":51800,   "ctx":"conn5","msg":"client metadata","attr":{"remote":"127.0.0.1:50223","client":"conn5","doc":{"driver":{"name":"PyMongo","version":"4.3.3"},"os":{"type":"Windows","name":"Windows 10","architecture":"AMD64","version":"10.0.22000-SP0"},"platform":"CPython 3.10.6.final.0"}}}
{"t":{"$date":"2023-04-18T00:34:14.942+05:30"},"s":"I",  "c":"STORAGE",  "id":20320,   "ctx":"conn5","msg":"createCollection","attr":{"namespace":"mydatabase3.my_collection","uuidDisposition":"generated","uuid":{"uuid":{"$uuid":"c3dc9f4b-8a0a-4cb9-99d9-fa841f0f6ee6"}},"options":{}}}
{"t":{"$date":"2023-04-18T00:34:14.967+05:30"},"s":"I",  "c":"INDEX",    "id":20345,   "ctx":"conn5","msg":"Index build: done building","attr":{"buildUUID":null,"collectionUUID":{"uuid":{"$uuid":"c3dc9f4b-8a0a-4cb9-99d9-fa841f0f6ee6"}},"namespace":"mydatabase3.my_collection","index":"_id_","ident":"index-8-7954602775220637034","collectionIdent":"collection-7-7954602775220637034","commitTimestamp":null}}
{"t":{"$date":"2023-04-18T00:34:15.478+05:30"},"s":"I",  "c":"NETWORK",  "id":22944,   "ctx":"conn5","msg":"Connection ended","attr":{"remote":"127.0.0.1:50223","uuid":"958a6007-bc1c-4b26-87b9-74409639772b","connectionId":5,"connectionCount":2}}
{"t":{"$date":"2023-04-18T00:34:15.478+05:30"},"s":"I",  "c":"NETWORK",  "id":22944,   "ctx":"conn4","msg":"Connection ended","attr":{"remote":"127.0.0.1:50218","uuid":"63514bd1-bbe9-4457-8345-1461bdb044a8","connectionId":4,"connectionCount":1}}
{"t":{"$date":"2023-04-18T00:34:16.046+05:30"},"s":"W",  "c":"NETWORK",  "id":4615610, "ctx":"conn3","msg":"Failed to check socket connectivity","attr":{"error":{"code":6,"codeName":"HostUnreachable","errmsg":"Connection closed by peer"}}}
{"t":{"$date":"2023-04-18T00:34:16.046+05:30"},"s":"I",  "c":"-",        "id":20883,   "ctx":"conn3","msg":"Interrupted operation as its client disconnected","attr":{"opId":717}}
{"t":{"$date":"2023-04-18T00:34:16.047+05:30"},"s":"I",  "c":"NETWORK",  "id":22944,   "ctx":"conn3","msg":"Connection ended","attr":{"remote":"127.0.0.1:50212","uuid":"bc199188-b26b-4e44-ae3e-66efa7a0ce78","connectionId":3,"connectionCount":0}}
{"t":{"$date":"2023-04-20T20:24:05.984+05:30"},"s":"I",  "c":"CONTROL",  "id":23373,   "ctx":"thread134","msg":"CTRL_CLOSE_EVENT signal"}
{"t":{"$date":"2023-04-20T20:24:05.989+05:30"},"s":"I",  "c":"CONTROL",  "id":23371,   "ctx":"consoleTerminate","msg":"Received event, will terminate after current command ends","attr":{"controlCode":"CTRL_CLOSE_EVENT"}}
{"t":{"$date":"2023-04-20T20:24:05.991+05:30"},"s":"I",  "c":"REPL",     "id":4784900, "ctx":"consoleTerminate","msg":"Stepping down the ReplicationCoordinator for shutdown","attr":{"waitTimeMillis":15000}}
{"t":{"$date":"2023-04-20T20:24:05.991+05:30"},"s":"I",  "c":"REPL",     "id":4794602, "ctx":"consoleTerminate","msg":"Attempting to enter quiesce mode"}
{"t":{"$date":"2023-04-20T20:24:05.991+05:30"},"s":"I",  "c":"-",        "id":6371601, "ctx":"consoleTerminate","msg":"Shutting down the FLE Crud thread pool"}
{"t":{"$date":"2023-04-20T20:24:05.991+05:30"},"s":"I",  "c":"COMMAND",  "id":4784901, "ctx":"consoleTerminate","msg":"Shutting down the MirrorMaestro"}
{"t":{"$date":"2023-04-20T20:24:05.991+05:30"},"s":"I",  "c":"SHARDING", "id":4784902, "ctx":"consoleTerminate","msg":"Shutting down the WaitForMajorityService"}
{"t":{"$date":"2023-04-20T20:24:05.994+05:30"},"s":"I",  "c":"CONTROL",  "id":4784903, "ctx":"consoleTerminate","msg":"Shutting down the LogicalSessionCache"}
{"t":{"$date":"2023-04-20T20:24:05.999+05:30"},"s":"I",  "c":"NETWORK",  "id":20562,   "ctx":"consoleTerminate","msg":"Shutdown: going to close listening sockets"}
{"t":{"$date":"2023-04-20T20:24:06.001+05:30"},"s":"I",  "c":"NETWORK",  "id":4784905, "ctx":"consoleTerminate","msg":"Shutting down the global connection pool"}
{"t":{"$date":"2023-04-20T20:24:06.001+05:30"},"s":"I",  "c":"CONTROL",  "id":4784906, "ctx":"consoleTerminate","msg":"Shutting down the FlowControlTicketholder"}
{"t":{"$date":"2023-04-20T20:24:06.001+05:30"},"s":"I",  "c":"-",        "id":20520,   "ctx":"consoleTerminate","msg":"Stopping further Flow Control ticket acquisitions."}
{"t":{"$date":"2023-04-20T20:24:06.001+05:30"},"s":"I",  "c":"CONTROL",  "id":4784908, "ctx":"consoleTerminate","msg":"Shutting down the PeriodicThreadToAbortExpiredTransactions"}
{"t":{"$date":"2023-04-20T20:24:06.001+05:30"},"s":"I",  "c":"REPL",     "id":4784909, "ctx":"consoleTerminate","msg":"Shutting down the ReplicationCoordinator"}
{"t":{"$date":"2023-04-20T20:24:06.001+05:30"},"s":"I",  "c":"SHARDING", "id":4784910, "ctx":"consoleTerminate","msg":"Shutting down the ShardingInitializationMongoD"}
{"t":{"$date":"2023-04-20T20:24:06.001+05:30"},"s":"I",  "c":"REPL",     "id":4784911, "ctx":"consoleTerminate","msg":"Enqueuing the ReplicationStateTransitionLock for shutdown"}
{"t":{"$date":"2023-04-20T20:24:06.002+05:30"},"s":"I",  "c":"-",        "id":4784912, "ctx":"consoleTerminate","msg":"Killing all operations for shutdown"}
{"t":{"$date":"2023-04-20T20:24:06.002+05:30"},"s":"I",  "c":"-",        "id":4695300, "ctx":"consoleTerminate","msg":"Interrupted all currently running operations","attr":{"opsKilled":3}}
{"t":{"$date":"2023-04-20T20:24:06.002+05:30"},"s":"I",  "c":"TENANT_M", "id":5093807, "ctx":"consoleTerminate","msg":"Shutting down all TenantMigrationAccessBlockers on global shutdown"}
{"t":{"$date":"2023-04-20T20:24:06.002+05:30"},"s":"I",  "c":"COMMAND",  "id":4784913, "ctx":"consoleTerminate","msg":"Shutting down all open transactions"}
{"t":{"$date":"2023-04-20T20:24:06.002+05:30"},"s":"I",  "c":"REPL",     "id":4784914, "ctx":"consoleTerminate","msg":"Acquiring the ReplicationStateTransitionLock for shutdown"}
{"t":{"$date":"2023-04-20T20:24:06.002+05:30"},"s":"I",  "c":"INDEX",    "id":4784915, "ctx":"consoleTerminate","msg":"Shutting down the IndexBuildsCoordinator"}
{"t":{"$date":"2023-04-20T20:24:06.002+05:30"},"s":"I",  "c":"NETWORK",  "id":4784918, "ctx":"consoleTerminate","msg":"Shutting down the ReplicaSetMonitor"}
{"t":{"$date":"2023-04-20T20:24:06.002+05:30"},"s":"I",  "c":"SHARDING", "id":4784921, "ctx":"consoleTerminate","msg":"Shutting down the MigrationUtilExecutor"}
{"t":{"$date":"2023-04-20T20:24:06.006+05:30"},"s":"I",  "c":"ASIO",     "id":22582,   "ctx":"MigrationUtil-TaskExecutor","msg":"Killing all outstanding egress activity."}
{"t":{"$date":"2023-04-20T20:24:06.007+05:30"},"s":"I",  "c":"COMMAND",  "id":4784923, "ctx":"consoleTerminate","msg":"Shutting down the ServiceEntryPoint"}
{"t":{"$date":"2023-04-20T20:24:06.007+05:30"},"s":"I",  "c":"CONTROL",  "id":4784925, "ctx":"consoleTerminate","msg":"Shutting down free monitoring"}
{"t":{"$date":"2023-04-20T20:24:06.007+05:30"},"s":"I",  "c":"CONTROL",  "id":20609,   "ctx":"consoleTerminate","msg":"Shutting down free monitoring"}
{"t":{"$date":"2023-04-20T20:24:06.007+05:30"},"s":"I",  "c":"CONTROL",  "id":4784927, "ctx":"consoleTerminate","msg":"Shutting down the HealthLog"}
{"t":{"$date":"2023-04-20T20:24:06.007+05:30"},"s":"I",  "c":"CONTROL",  "id":4784928, "ctx":"consoleTerminate","msg":"Shutting down the TTL monitor"}
{"t":{"$date":"2023-04-20T20:24:06.007+05:30"},"s":"I",  "c":"INDEX",    "id":3684100, "ctx":"consoleTerminate","msg":"Shutting down TTL collection monitor thread"}
{"t":{"$date":"2023-04-20T20:24:06.008+05:30"},"s":"I",  "c":"INDEX",    "id":3684101, "ctx":"consoleTerminate","msg":"Finished shutting down TTL collection monitor thread"}
{"t":{"$date":"2023-04-20T20:24:06.008+05:30"},"s":"I",  "c":"CONTROL",  "id":6278511, "ctx":"consoleTerminate","msg":"Shutting down the Change Stream Expired Pre-images Remover"}
{"t":{"$date":"2023-04-20T20:24:06.008+05:30"},"s":"I",  "c":"CONTROL",  "id":4784929, "ctx":"consoleTerminate","msg":"Acquiring the global lock for shutdown"}
{"t":{"$date":"2023-04-20T20:24:06.008+05:30"},"s":"I",  "c":"CONTROL",  "id":4784930, "ctx":"consoleTerminate","msg":"Shutting down the storage engine"}
{"t":{"$date":"2023-04-20T20:24:06.008+05:30"},"s":"I",  "c":"STORAGE",  "id":22320,   "ctx":"consoleTerminate","msg":"Shutting down journal flusher thread"}
{"t":{"$date":"2023-04-20T20:24:06.008+05:30"},"s":"I",  "c":"STORAGE",  "id":22321,   "ctx":"consoleTerminate","msg":"Finished shutting down journal flusher thread"}
{"t":{"$date":"2023-04-20T20:24:06.009+05:30"},"s":"I",  "c":"STORAGE",  "id":22322,   "ctx":"consoleTerminate","msg":"Shutting down checkpoint thread"}
{"t":{"$date":"2023-04-20T20:24:06.009+05:30"},"s":"I",  "c":"STORAGE",  "id":22323,   "ctx":"consoleTerminate","msg":"Finished shutting down checkpoint thread"}
{"t":{"$date":"2023-04-20T20:24:06.010+05:30"},"s":"I",  "c":"STORAGE",  "id":20282,   "ctx":"consoleTerminate","msg":"Deregistering all the collections"}
{"t":{"$date":"2023-04-20T20:24:06.011+05:30"},"s":"I",  "c":"STORAGE",  "id":22261,   "ctx":"consoleTerminate","msg":"Timestamp monitor shutting down"}
{"t":{"$date":"2023-04-20T20:24:06.012+05:30"},"s":"I",  "c":"STORAGE",  "id":22317,   "ctx":"consoleTerminate","msg":"WiredTigerKVEngine shutting down"}
{"t":{"$date":"2023-04-20T20:24:06.012+05:30"},"s":"I",  "c":"STORAGE",  "id":22318,   "ctx":"consoleTerminate","msg":"Shutting down session sweeper thread"}
{"t":{"$date":"2023-04-20T20:24:06.012+05:30"},"s":"I",  "c":"STORAGE",  "id":22319,   "ctx":"consoleTerminate","msg":"Finished shutting down session sweeper thread"}
{"t":{"$date":"2023-04-20T20:24:06.013+05:30"},"s":"I",  "c":"STORAGE",  "id":4795902, "ctx":"consoleTerminate","msg":"Closing WiredTiger","attr":{"closeConfig":"leak_memory=true,"}}
{"t":{"$date":"2023-04-20T20:24:06.066+05:30"},"s":"I",  "c":"STORAGE",  "id":4795901, "ctx":"consoleTerminate","msg":"WiredTiger closed","attr":{"durationMillis":53}}
{"t":{"$date":"2023-04-20T20:24:06.066+05:30"},"s":"I",  "c":"STORAGE",  "id":22281,   "ctx":"consoleTerminate","msg":"shutdown: removing fs lock..."}
{"t":{"$date":"2023-04-20T20:24:06.066+05:30"},"s":"I",  "c":"-",        "id":4784931, "ctx":"consoleTerminate","msg":"Dropping the scope cache for shutdown"}
{"t":{"$date":"2023-04-20T20:24:06.066+05:30"},"s":"I",  "c":"FTDC",     "id":20626,   "ctx":"consoleTerminate","msg":"Shutting down full-time diagnostic data capture"}
{"t":{"$date":"2023-04-20T20:24:06.071+05:30"},"s":"I",  "c":"CONTROL",  "id":20565,   "ctx":"consoleTerminate","msg":"Now exiting"}
{"t":{"$date":"2023-04-20T20:24:06.073+05:30"},"s":"I",  "c":"CONTROL",  "id":23138,   "ctx":"consoleTerminate","msg":"Shutting down","attr":{"exitCode":12}}
